<?xml version="1.0" encoding="UTF-8"?>
<!-- Generated by org.testng.reporters.JUnitXMLReporter -->
<testsuite ignored="0" hostname="DESKTOP-7IUTETF" failures="0" tests="3" name="Default test" time="55.431" errors="0" timestamp="2023-10-13T11:02:37 EDT">
  <testcase classname="Learning.login.LoginApplication" name="AddProdut" time="24.841"/>
  <testcase classname="Learning.login.LoginApplication" name="invalidLoginCredentials" time="9.899"/>
  <testcase classname="Learning.login.LoginApplication" name="loginAppliction" time="14.122"/>
</testsuite> <!-- Default test -->
