<?xml version="1.0" encoding="UTF-8"?>
<!-- Generated by org.testng.reporters.JUnitXMLReporter -->
<testsuite ignored="0" hostname="DESKTOP-7IUTETF" failures="0" tests="3" name="Test" time="39.045" errors="0" timestamp="2023-10-19T17:29:09 EDT">
  <testcase classname="Learning.login.LoginApplication" name="AddProdut" time="18.961"/>
  <testcase classname="Learning.login.LoginApplication" name="invalidLoginCredentials" time="7.798"/>
  <testcase classname="Learning.login.LoginApplication" name="loginAppliction" time="8.566"/>
</testsuite> <!-- Test -->
