<?xml version="1.0" encoding="UTF-8"?>
<!-- Generated by org.testng.reporters.JUnitXMLReporter -->
<testsuite ignored="2" hostname="DESKTOP-7IUTETF" failures="0" tests="1" name="Test" time="15.761" errors="0" timestamp="2023-10-09T17:14:32 EDT">
  <testcase classname="Learning.login.LoginApplication" name="invalidLoginCredentials" time="13.761"/>
  <testcase classname="Learning.login.LoginApplication" name="AddProdut" time="0.0">
    <ignored/>
  </testcase> <!-- AddProdut -->
  <testcase classname="Learning.login.LoginApplication" name="loginAppliction" time="0.0">
    <ignored/>
  </testcase> <!-- loginAppliction -->
</testsuite> <!-- Test -->
