<?xml version="1.0" encoding="UTF-8"?>
<testng-results ignored="0" total="3" passed="3" failed="0" skipped="0">
  <reporter-output>
  </reporter-output>
  <suite started-at="2023-10-10T11:32:01 EDT" name="Surefire suite" finished-at="2023-10-10T11:32:54 EDT" duration-ms="53692">
    <groups>
      <group name="cucumber">
        <method signature="AbstractTestNGCucumberTests.runScenario(io.cucumber.testng.PickleWrapper,io.cucumber.testng.FeatureWrapper)[pri:0, instance:Learning.FeatureFiles.testRunner@1e6454ec]" name="runScenario" class="io.cucumber.testng.AbstractTestNGCucumberTests"/>
      </group> <!-- cucumber -->
    </groups>
    <test started-at="2023-10-10T11:32:01 EDT" name="Surefire test" finished-at="2023-10-10T11:32:54 EDT" duration-ms="53692">
      <class name="Learning.FeatureFiles.testRunner">
        <test-method is-config="true" signature="setUpClass(org.testng.ITestContext)[pri:0, instance:Learning.FeatureFiles.testRunner@1e6454ec]" started-at="2023-10-10T11:32:01 EDT" name="setUpClass" finished-at="2023-10-10T11:32:03 EDT" duration-ms="1701" status="PASS">
          <params>
            <param index="0">
              <value>
                <![CDATA[org.testng.TestRunner@11b32a14]]>
              </value>
            </param>
          </params>
          <reporter-output>
          </reporter-output>
        </test-method> <!-- setUpClass -->
        <test-method signature="runScenario(io.cucumber.testng.PickleWrapper,io.cucumber.testng.FeatureWrapper)[pri:0, instance:Learning.FeatureFiles.testRunner@1e6454ec]" started-at="2023-10-10T11:32:03 EDT" name="runScenario" description="Runs Cucumber Scenarios" data-provider="scenarios" finished-at="2023-10-10T11:32:22 EDT" duration-ms="19209" status="PASS">
          <params>
            <param index="0">
              <value>
                <![CDATA["Login application with valid credentials"]]>
              </value>
            </param>
            <param index="1">
              <value>
                <![CDATA["Test Login Page"]]>
              </value>
            </param>
          </params>
          <reporter-output>
          </reporter-output>
        </test-method> <!-- runScenario -->
        <test-method signature="runScenario(io.cucumber.testng.PickleWrapper,io.cucumber.testng.FeatureWrapper)[pri:0, instance:Learning.FeatureFiles.testRunner@1e6454ec]" started-at="2023-10-10T11:32:22 EDT" name="runScenario" description="Runs Cucumber Scenarios" data-provider="scenarios" finished-at="2023-10-10T11:32:37 EDT" duration-ms="14940" status="PASS">
          <params>
            <param index="0">
              <value>
                <![CDATA["Login application with invalid credentials"]]>
              </value>
            </param>
            <param index="1">
              <value>
                <![CDATA["Test Login Page"]]>
              </value>
            </param>
          </params>
          <reporter-output>
          </reporter-output>
        </test-method> <!-- runScenario -->
        <test-method signature="runScenario(io.cucumber.testng.PickleWrapper,io.cucumber.testng.FeatureWrapper)[pri:0, instance:Learning.FeatureFiles.testRunner@1e6454ec]" started-at="2023-10-10T11:32:37 EDT" name="runScenario" description="Runs Cucumber Scenarios" data-provider="scenarios" finished-at="2023-10-10T11:32:54 EDT" duration-ms="17664" status="PASS">
          <params>
            <param index="0">
              <value>
                <![CDATA["Add product to cart"]]>
              </value>
            </param>
            <param index="1">
              <value>
                <![CDATA["Adding product to cart"]]>
              </value>
            </param>
          </params>
          <reporter-output>
          </reporter-output>
        </test-method> <!-- runScenario -->
        <test-method is-config="true" signature="tearDownClass()[pri:0, instance:Learning.FeatureFiles.testRunner@1e6454ec]" started-at="2023-10-10T11:32:54 EDT" name="tearDownClass" finished-at="2023-10-10T11:32:54 EDT" duration-ms="58" status="PASS">
          <reporter-output>
          </reporter-output>
        </test-method> <!-- tearDownClass -->
      </class> <!-- Learning.FeatureFiles.testRunner -->
    </test> <!-- Surefire test -->
  </suite> <!-- Surefire suite -->
</testng-results>
