<?xml version="1.0" encoding="UTF-8"?>
<testng-results ignored="0" total="2" passed="2" failed="0" skipped="0">
  <reporter-output>
  </reporter-output>
  <suite started-at="2023-10-10T16:04:56 EDT" name="Surefire suite" finished-at="2023-10-10T16:05:29 EDT" duration-ms="32034">
    <groups>
      <group name="cucumber">
        <method signature="AbstractTestNGCucumberTests.runScenario(io.cucumber.testng.PickleWrapper,io.cucumber.testng.FeatureWrapper)[pri:0, instance:Learning.FeatureFiles.SmokeRunner@1ddf84b8]" name="runScenario" class="io.cucumber.testng.AbstractTestNGCucumberTests"/>
      </group> <!-- cucumber -->
    </groups>
    <test started-at="2023-10-10T16:04:56 EDT" name="Surefire test" finished-at="2023-10-10T16:05:29 EDT" duration-ms="32034">
      <class name="Learning.FeatureFiles.SmokeRunner">
        <test-method is-config="true" signature="setUpClass(org.testng.ITestContext)[pri:0, instance:Learning.FeatureFiles.SmokeRunner@1ddf84b8]" started-at="2023-10-10T16:04:57 EDT" name="setUpClass" finished-at="2023-10-10T16:04:58 EDT" duration-ms="1518" status="PASS">
          <params>
            <param index="0">
              <value>
                <![CDATA[org.testng.TestRunner@1165b38]]>
              </value>
            </param>
          </params>
          <reporter-output>
          </reporter-output>
        </test-method> <!-- setUpClass -->
        <test-method signature="runScenario(io.cucumber.testng.PickleWrapper,io.cucumber.testng.FeatureWrapper)[pri:0, instance:Learning.FeatureFiles.SmokeRunner@1ddf84b8]" started-at="2023-10-10T16:04:58 EDT" name="runScenario" description="Runs Cucumber Scenarios" data-provider="scenarios" finished-at="2023-10-10T16:05:15 EDT" duration-ms="17134" status="PASS">
          <params>
            <param index="0">
              <value>
                <![CDATA["Login application with valid credentials"]]>
              </value>
            </param>
            <param index="1">
              <value>
                <![CDATA["Test Login Page"]]>
              </value>
            </param>
          </params>
          <reporter-output>
          </reporter-output>
        </test-method> <!-- runScenario -->
        <test-method signature="runScenario(io.cucumber.testng.PickleWrapper,io.cucumber.testng.FeatureWrapper)[pri:0, instance:Learning.FeatureFiles.SmokeRunner@1ddf84b8]" started-at="2023-10-10T16:05:15 EDT" name="runScenario" description="Runs Cucumber Scenarios" data-provider="scenarios" finished-at="2023-10-10T16:05:28 EDT" duration-ms="13153" status="PASS">
          <params>
            <param index="0">
              <value>
                <![CDATA["Login application with invalid credentials"]]>
              </value>
            </param>
            <param index="1">
              <value>
                <![CDATA["Test Login Page"]]>
              </value>
            </param>
          </params>
          <reporter-output>
          </reporter-output>
        </test-method> <!-- runScenario -->
        <test-method is-config="true" signature="tearDownClass()[pri:0, instance:Learning.FeatureFiles.SmokeRunner@1ddf84b8]" started-at="2023-10-10T16:05:28 EDT" name="tearDownClass" finished-at="2023-10-10T16:05:29 EDT" duration-ms="111" status="PASS">
          <reporter-output>
          </reporter-output>
        </test-method> <!-- tearDownClass -->
      </class> <!-- Learning.FeatureFiles.SmokeRunner -->
    </test> <!-- Surefire test -->
  </suite> <!-- Surefire suite -->
</testng-results>
