<?xml version="1.0" encoding="UTF-8"?>
<testng-results ignored="0" total="3" passed="3" failed="0" skipped="0">
  <reporter-output>
  </reporter-output>
  <suite started-at="2023-10-13T11:01:41 EDT" name="Default suite" finished-at="2023-10-13T11:02:37 EDT" duration-ms="55431">
    <groups>
    </groups>
    <test started-at="2023-10-13T11:01:41 EDT" name="Default test" finished-at="2023-10-13T11:02:37 EDT" duration-ms="55431">
      <class name="Learning.login.LoginApplication">
        <test-method signature="AddProdut()[pri:0, instance:Learning.login.LoginApplication@76b1e9b8]" started-at="2023-10-13T11:01:41 EDT" name="AddProdut" finished-at="2023-10-13T11:02:06 EDT" duration-ms="24841" status="PASS">
          <reporter-output>
          </reporter-output>
        </test-method> <!-- AddProdut -->
        <test-method is-config="true" signature="tearDown()[pri:0, instance:Learning.login.LoginApplication@76b1e9b8]" started-at="2023-10-13T11:02:06 EDT" name="tearDown" finished-at="2023-10-13T11:02:08 EDT" duration-ms="2201" status="PASS">
          <reporter-output>
          </reporter-output>
        </test-method> <!-- tearDown -->
        <test-method signature="invalidLoginCredentials()[pri:0, instance:Learning.login.LoginApplication@76b1e9b8]" started-at="2023-10-13T11:02:08 EDT" name="invalidLoginCredentials" finished-at="2023-10-13T11:02:18 EDT" duration-ms="9899" status="PASS">
          <reporter-output>
          </reporter-output>
        </test-method> <!-- invalidLoginCredentials -->
        <test-method is-config="true" signature="tearDown()[pri:0, instance:Learning.login.LoginApplication@76b1e9b8]" started-at="2023-10-13T11:02:18 EDT" name="tearDown" finished-at="2023-10-13T11:02:20 EDT" duration-ms="2115" status="PASS">
          <reporter-output>
          </reporter-output>
        </test-method> <!-- tearDown -->
        <test-method signature="loginAppliction()[pri:0, instance:Learning.login.LoginApplication@76b1e9b8]" started-at="2023-10-13T11:02:20 EDT" name="loginAppliction" finished-at="2023-10-13T11:02:34 EDT" duration-ms="14122" status="PASS">
          <reporter-output>
          </reporter-output>
        </test-method> <!-- loginAppliction -->
        <test-method is-config="true" signature="tearDown()[pri:0, instance:Learning.login.LoginApplication@76b1e9b8]" started-at="2023-10-13T11:02:34 EDT" name="tearDown" finished-at="2023-10-13T11:02:37 EDT" duration-ms="2125" status="PASS">
          <reporter-output>
          </reporter-output>
        </test-method> <!-- tearDown -->
      </class> <!-- Learning.login.LoginApplication -->
    </test> <!-- Default test -->
  </suite> <!-- Default suite -->
</testng-results>
