<?xml version="1.0" encoding="UTF-8"?>
<testng-results ignored="0" total="3" passed="2" failed="1" skipped="0">
  <reporter-output>
  </reporter-output>
  <suite started-at="2023-10-10T11:27:36 EDT" name="Default suite" finished-at="2023-10-10T11:28:34 EDT" duration-ms="58136">
    <groups>
      <group name="cucumber">
        <method signature="AbstractTestNGCucumberTests.runScenario(io.cucumber.testng.PickleWrapper,io.cucumber.testng.FeatureWrapper)[pri:0, instance:Learning.FeatureFiles.testRunner@cc43f62]" name="runScenario" class="io.cucumber.testng.AbstractTestNGCucumberTests"/>
      </group> <!-- cucumber -->
    </groups>
    <test started-at="2023-10-10T11:27:36 EDT" name="Default test" finished-at="2023-10-10T11:28:34 EDT" duration-ms="58136">
      <class name="Learning.FeatureFiles.testRunner">
        <test-method is-config="true" signature="setUpClass(org.testng.ITestContext)[pri:0, instance:Learning.FeatureFiles.testRunner@cc43f62]" started-at="2023-10-10T11:27:36 EDT" name="setUpClass" finished-at="2023-10-10T11:27:38 EDT" duration-ms="1815" status="PASS">
          <params>
            <param index="0">
              <value>
                <![CDATA[org.testng.TestRunner@373052b5]]>
              </value>
            </param>
          </params>
          <reporter-output>
          </reporter-output>
        </test-method> <!-- setUpClass -->
        <test-method signature="runScenario(io.cucumber.testng.PickleWrapper,io.cucumber.testng.FeatureWrapper)[pri:0, instance:Learning.FeatureFiles.testRunner@cc43f62]" started-at="2023-10-10T11:27:38 EDT" name="runScenario" description="Runs Cucumber Scenarios" data-provider="scenarios" finished-at="2023-10-10T11:27:56 EDT" duration-ms="18881" status="PASS">
          <params>
            <param index="0">
              <value>
                <![CDATA["Login application with valid credentials"]]>
              </value>
            </param>
            <param index="1">
              <value>
                <![CDATA["Test Login Page"]]>
              </value>
            </param>
          </params>
          <reporter-output>
          </reporter-output>
        </test-method> <!-- runScenario -->
        <test-method signature="runScenario(io.cucumber.testng.PickleWrapper,io.cucumber.testng.FeatureWrapper)[pri:0, instance:Learning.FeatureFiles.testRunner@cc43f62]" started-at="2023-10-10T11:27:56 EDT" name="runScenario" description="Runs Cucumber Scenarios" data-provider="scenarios" finished-at="2023-10-10T11:28:12 EDT" duration-ms="15954" status="PASS">
          <params>
            <param index="0">
              <value>
                <![CDATA["Login application with invalid credentials"]]>
              </value>
            </param>
            <param index="1">
              <value>
                <![CDATA["Test Login Page"]]>
              </value>
            </param>
          </params>
          <reporter-output>
          </reporter-output>
        </test-method> <!-- runScenario -->
        <test-method signature="runScenario(io.cucumber.testng.PickleWrapper,io.cucumber.testng.FeatureWrapper)[pri:0, instance:Learning.FeatureFiles.testRunner@cc43f62]" started-at="2023-10-10T11:28:12 EDT" name="runScenario" description="Runs Cucumber Scenarios" data-provider="scenarios" finished-at="2023-10-10T11:28:34 EDT" duration-ms="21268" status="FAIL">
          <params>
            <param index="0">
              <value>
                <![CDATA["Add product to cart"]]>
              </value>
            </param>
            <param index="1">
              <value>
                <![CDATA["Adding product to cart"]]>
              </value>
            </param>
          </params>
          <exception class="java.lang.NullPointerException">
            <message>
              <![CDATA[Cannot invoke "org.openqa.selenium.WebDriver.quit()" because "this.driver" is null]]>
            </message>
            <full-stacktrace>
              <![CDATA[java.lang.NullPointerException: Cannot invoke "org.openqa.selenium.WebDriver.quit()" because "this.driver" is null
at Learning.testComponents.BaseTest.tearDown(BaseTest.java:40)
at Learning.stepDefinitions.loginPageDefinitions.Close_all_browsers(loginPageDefinitions.java:37)
at ✽.Close all browsers(file:///C:/Users/adity/Documents/Workspace/login/src/test/java/Learning/FeatureFiles/ProductPage.feature:28)
]]>
            </full-stacktrace>
          </exception> <!-- java.lang.NullPointerException -->
          <reporter-output>
          </reporter-output>
        </test-method> <!-- runScenario -->
        <test-method is-config="true" signature="tearDownClass()[pri:0, instance:Learning.FeatureFiles.testRunner@cc43f62]" started-at="2023-10-10T11:28:34 EDT" name="tearDownClass" finished-at="2023-10-10T11:28:34 EDT" duration-ms="84" status="PASS">
          <reporter-output>
          </reporter-output>
        </test-method> <!-- tearDownClass -->
      </class> <!-- Learning.FeatureFiles.testRunner -->
    </test> <!-- Default test -->
  </suite> <!-- Default suite -->
</testng-results>
