<?xml version="1.0" encoding="UTF-8"?>
<!-- Generated by org.testng.reporters.JUnitReportReporter -->
<testsuite hostname="DESKTOP-7IUTETF" failures="0" tests="3" name="Learning.FeatureFiles.testRunner" time="56.103" errors="1" timestamp="2023-10-10T11:28:34 EDT" skipped="0">
  <testcase classname="Learning.FeatureFiles.testRunner" name="runScenario" time="15.954"/>
  <testcase classname="Learning.FeatureFiles.testRunner" name="runScenario" time="18.881"/>
  <testcase classname="Learning.FeatureFiles.testRunner" name="runScenario" time="21.268">
    <error message="Cannot invoke &quot;org.openqa.selenium.WebDriver.quit()&quot; because &quot;this.driver&quot; is null" type="java.lang.NullPointerException">
      <![CDATA[java.lang.NullPointerException: Cannot invoke "org.openqa.selenium.WebDriver.quit()" because "this.driver" is null
at Learning.testComponents.BaseTest.tearDown(BaseTest.java:40)
at Learning.stepDefinitions.loginPageDefinitions.Close_all_browsers(loginPageDefinitions.java:37)
at ✽.Close all browsers(file:///C:/Users/adity/Documents/Workspace/login/src/test/java/Learning/FeatureFiles/ProductPage.feature:28)
]]>
    </error>
  </testcase> <!-- runScenario -->
</testsuite> <!-- Learning.FeatureFiles.testRunner -->
